0 info it worked if it ends with ok
1 verbose cli [ '/home/vio/nvm/versions/io.js/v3.3.1/bin/iojs',
1 verbose cli   '/home/vio/nvm/versions/io.js/v3.3.1/bin/npm',
1 verbose cli   'run',
1 verbose cli   'elasticsearch' ]
2 info using npm@2.14.3
3 info using node@v3.3.1
4 verbose run-script [ 'preelasticsearch', 'elasticsearch', 'postelasticsearch' ]
5 info preelasticsearch kibana@5.0.0-alpha4
6 info elasticsearch kibana@5.0.0-alpha4
7 verbose unsafe-perm in lifecycle true
8 info kibana@5.0.0-alpha4 Failed to exec elasticsearch script
9 verbose stack Error: kibana@5.0.0-alpha4 elasticsearch: `grunt esvm:dev:keepalive`
9 verbose stack Exit status 3
9 verbose stack     at EventEmitter.<anonymous> (/home/vio/nvm/versions/io.js/v3.3.1/lib/node_modules/npm/lib/utils/lifecycle.js:214:16)
9 verbose stack     at emitTwo (events.js:87:13)
9 verbose stack     at EventEmitter.emit (events.js:172:7)
9 verbose stack     at ChildProcess.<anonymous> (/home/vio/nvm/versions/io.js/v3.3.1/lib/node_modules/npm/lib/utils/spawn.js:24:14)
9 verbose stack     at emitTwo (events.js:87:13)
9 verbose stack     at ChildProcess.emit (events.js:172:7)
9 verbose stack     at maybeClose (internal/child_process.js:764:16)
9 verbose stack     at Process.ChildProcess._handle.onexit (internal/child_process.js:211:5)
10 verbose pkgid kibana@5.0.0-alpha4
11 verbose cwd /home/vio/v3metrics
12 error Linux 4.4.0-24-generic
13 error argv "/home/vio/nvm/versions/io.js/v3.3.1/bin/iojs" "/home/vio/nvm/versions/io.js/v3.3.1/bin/npm" "run" "elasticsearch"
14 error node v3.3.1
15 error npm  v2.14.3
16 error code ELIFECYCLE
17 error kibana@5.0.0-alpha4 elasticsearch: `grunt esvm:dev:keepalive`
17 error Exit status 3
18 error Failed at the kibana@5.0.0-alpha4 elasticsearch script 'grunt esvm:dev:keepalive'.
18 error This is most likely a problem with the kibana package,
18 error not with npm itself.
18 error Tell the author that this fails on your system:
18 error     grunt esvm:dev:keepalive
18 error You can get their info via:
18 error     npm owner ls kibana
18 error There is likely additional logging output above.
19 verbose exit [ 1, true ]
